<?xml version="1.0" encoding="UTF-8"?>
<!-- Generated by org.testng.reporters.JUnitReportReporter -->
<testsuite hostname="DESKTOP-4ENFGKI" failures="0" tests="5" name="thirdproject.tesemag" time="44.110" errors="0" timestamp="2024-08-14T17:00:40 EET" skipped="1">
  <testcase classname="thirdproject.tesemag" name="CreateAnAccount" time="9.046"/>
  <system-out/>
  <testcase classname="thirdproject.tesemag" name="logOut" time="2.236"/>
  <system-out/>
  <testcase classname="thirdproject.tesemag" name="loginTest" time="9.463"/>
  <system-out/>
  <testcase classname="thirdproject.tesemag" name="addwomenItem" time="23.365"/>
  <system-out/>
  <testcase classname="thirdproject.tesemag" name="addmenItem">
    <skipped/>
  </testcase> <!-- addmenItem -->
  <system-out/>
</testsuite> <!-- thirdproject.tesemag -->
